<?xml version="1.0" encoding="UTF-8"?>
<!-- Generated by org.testng.reporters.JUnitReportReporter -->
<testsuite hostname="shyam376" failures="0" tests="1" name="Footer.FooterLinkVerification" time="2.489" errors="0" timestamp="2025-05-13T01:20:31 IST" skipped="0">
  <testcase classname="Footer.FooterLinkVerification" name="verifiedFooterLink" time="2.489"/>
  <system-out/>
</testsuite> <!-- Footer.FooterLinkVerification -->
