<?xml version="1.0" encoding="UTF-8"?>
<!-- Generated by org.testng.reporters.JUnitReportReporter -->
<testsuite hostname="shyam376" failures="0" tests="1" name="HomePage.HomePage" time="0.008" errors="0" timestamp="2025-05-12T16:07:10 IST" skipped="0">
  <testcase classname="HomePage.HomePage" name="HomePage" time="0.008"/>
  <system-out/>
</testsuite> <!-- HomePage.HomePage -->
