<?xml version="1.0" encoding="UTF-8"?>
<!-- Generated by org.testng.reporters.JUnitReportReporter -->
<testsuite hostname="shyam376" failures="0" tests="2" name="com.API.AddNewPetStore" time="6.159" errors="0" timestamp="2025-05-15T23:02:04 IST" skipped="0">
  <testcase classname="com.API.AddNewPetStore" name="AddStote" time="4.184"/>
  <system-out/>
  <testcase classname="com.API.AddNewPetStore" name="getPetValie" time="1.975"/>
  <system-out/>
</testsuite> <!-- com.API.AddNewPetStore -->
