<?xml version="1.0" encoding="UTF-8"?>
<!-- Generated by org.testng.reporters.JUnitReportReporter -->
<testsuite hostname="shyam376" failures="0" tests="2" name="HomePage.HomePageVerification" time="10.813" errors="0" timestamp="2025-05-14T07:08:36 IST" skipped="0">
  <testcase classname="HomePage.HomePageVerification" name="homePageVerfied" time="2.941"/>
  <system-out/>
  <testcase classname="HomePage.HomePageVerification" name="menuLinkVerfied" time="7.872"/>
  <system-out/>
</testsuite> <!-- HomePage.HomePageVerification -->
